#0513
### MICRO:
	-- left   >> mean: 668.18087, median: 2.0, hits@10: 60.827%
	-- right  >> mean: 966.78758, median: 2.0, hits@10: 74.281%
	-- global >> mean: 817.48422, median: 2.0, hits@10: 67.554%
### 1to1:
	-- left   >> hits@10: 81.769%
	-- right  >> hits@10: 83.259%
### 1toM:
	-- left   >> hits@10: 81.71%
	-- right  >> hits@10: 75.935%
### MtoM:
	-- left   >> hits@10: 47.024%
	-- right  >> hits@10: 58.796%
### Mto1:
	-- left   >> hits@10: 32.829%
	-- right  >> hits@10: 74.595%
### MACRO:
	-- left   >> mean: 346.51577, median: 250.91882, hits@10: 72.64%
	-- right  >> mean: 1551.35538, median: 982.98801, hits@10: 76.705%
	-- global >> mean: 948.93557, median: 479.67528, hits@10: 74.672%